
=INFO REPORT==== 30-Sep-2017::00:32:05 ===
    ts_config_server:(5:<0.52.0>) Config server started, logdir is "/home/ubuntu/.tsung/log/20170930-0032"
 
=INFO REPORT==== 30-Sep-2017::00:32:05 ===
              ts_mon:(5:<0.51.0>) starting monitor, global 

=INFO REPORT==== 30-Sep-2017::00:32:05 ===
           ts_config:(5:<0.52.0>) Reading config file: websocket-try.xml

=INFO REPORT==== 30-Sep-2017::00:32:05 ===
           ts_config:(5:<0.52.0>) Session name for id 1 is "websocket"

=INFO REPORT==== 30-Sep-2017::00:32:05 ===
    ts_config_server:(4:<0.52.0>) SYSINFO:Tsung version: 1.5.1

=INFO REPORT==== 30-Sep-2017::00:32:05 ===
    ts_config_server:(4:<0.52.0>) SYSINFO:Erlang version: Erlang/OTP 18 [erts-7.3] [source] [64-bit] [async-threads:16] [hipe] [kernel-poll:true]


=INFO REPORT==== 30-Sep-2017::00:32:05 ===
    ts_config_server:(4:<0.52.0>) SYSINFO:System architecture x86_64-pc-linux-gnu

=INFO REPORT==== 30-Sep-2017::00:32:05 ===
    ts_config_server:(4:<0.52.0>) SYSINFO:Current path: /usr/lib/erlang/lib/tsung-1.5.1/ebin/tsung.beam

=INFO REPORT==== 30-Sep-2017::00:32:05 ===
           ts_os_mon:(5:<0.49.0>) os_mon disabled
=INFO REPORT==== 30-Sep-2017::00:32:05 ===
              ts_mon:(5:<0.53.0>) Activate clients with text backend

=INFO REPORT==== 30-Sep-2017::00:32:05 ===
              ts_mon:(5:<0.53.0>) Starting tsung clients on hosts: ['tsung-machine-2',
                                                                    'tsung-machine-1']

=INFO REPORT==== 30-Sep-2017::00:32:06 ===
    ts_config_server:(5:<0.74.0>) Remote beam started on node 'tsung0@tsung-machine-2' 

=INFO REPORT==== 30-Sep-2017::00:32:06 ===
    ts_config_server:(5:<0.75.0>) Remote beam started on node 'tsung1@tsung-machine-1' 

=INFO REPORT==== 30-Sep-2017::00:32:06 ===
    ts_config_server:(5:<0.52.0>) All remote beams started, syncing 

=INFO REPORT==== 30-Sep-2017::00:32:06 ===
    ts_config_server:(5:<0.52.0>) Undefined ports_range config 

=INFO REPORT==== 30-Sep-2017::00:32:06 ===
    ts_config_server:(5:<0.52.0>) New arrival phase 1 for client "tsung-machine-1" (last ? false): will start 30000 users

=INFO REPORT==== 30-Sep-2017::00:32:06 ===
    ts_config_server:(5:<0.52.0>) New arrival phase 1 for client "tsung-machine-2" (last ? true): will start 30000 users

=ERROR REPORT==== 30-Sep-2017::00:36:05 ===
** Node 'tsung1@tsung-machine-1' not responding **
** Removing (timedout) connection **
